<?xml version="1.0" encoding="UTF-8"?>
<!-- Generated by org.testng.reporters.JUnitReportReporter -->
<testsuite skipped="0" hostname="Rahuls-MacBook-Pro.local" name="arjex.youtube.basics.Y09UserOptionsFromProjectConf" tests="1" failures="0" timestamp="17 Sep 2019 19:15:39 GMT" time="0.017" errors="0">
  <testcase name="test" time="0.017" classname="arjex.youtube.basics.Y09UserOptionsFromProjectConf"/>
</testsuite> <!-- arjex.youtube.basics.Y09UserOptionsFromProjectConf -->
