<?xml version="1.0" encoding="UTF-8"?>
<!-- Generated by org.testng.reporters.JUnitReportReporter -->
<testsuite skipped="0" hostname="Rahuls-MacBook-Pro.local" name="arjex.youtube.scheduled.YXDropdownConfigTests" tests="1" failures="0" timestamp="12 Sep 2019 14:06:22 GMT" time="14.589" errors="0">
  <testcase name="test1DefaultConfig" time="14.589" classname="arjex.youtube.scheduled.YXDropdownConfigTests"/>
</testsuite> <!-- arjex.youtube.scheduled.YXDropdownConfigTests -->
