<?xml version="1.0" encoding="UTF-8"?>
<!-- Generated by org.testng.reporters.JUnitReportReporter -->
<testsuite skipped="0" hostname="Rahuls-MacBook-Pro.local" name="arjex.youtube.scheduled.YXWithParameterization" tests="1" failures="0" timestamp="20 Sep 2019 08:37:43 GMT" time="3.565" errors="0">
  <testcase name="test" time="3.565" classname="arjex.youtube.scheduled.YXWithParameterization"/>
</testsuite> <!-- arjex.youtube.scheduled.YXWithParameterization -->
