<?xml version="1.0" encoding="UTF-8"?>
<!-- Generated by org.testng.reporters.JUnitReportReporter -->
<testsuite skipped="0" hostname="Rahuls-MacBook-Pro.local" name="arjex.youtube.basics.Y13MultiElement" tests="1" failures="0" timestamp="16 Aug 2019 10:06:09 GMT" time="6.397" errors="0">
  <testcase name="test" time="6.397" classname="arjex.youtube.basics.Y13MultiElement"/>
</testsuite> <!-- arjex.youtube.basics.Y13MultiElement -->
