<?xml version="1.0" encoding="UTF-8"?>
<!-- Generated by org.testng.reporters.JUnitReportReporter -->
<testsuite skipped="0" hostname="Rahuls-MacBook-Pro.local" name="arjex.youtube.scheduled.YXActionChains" tests="1" failures="0" timestamp="18 Oct 2019 10:03:47 GMT" time="3.213" errors="0">
  <testcase name="test" time="3.213" classname="arjex.youtube.scheduled.YXActionChains"/>
</testsuite> <!-- arjex.youtube.scheduled.YXActionChains -->
