<?xml version="1.0" encoding="UTF-8"?>
<!-- Generated by org.testng.reporters.JUnitReportReporter -->
<testsuite skipped="0" hostname="Rahuls-MacBook-Pro.local" name="arjex.youtube.basics.Y06BasicTestNGExample" tests="1" failures="0" timestamp="17 Sep 2019 19:15:11 GMT" time="4.486" errors="0">
  <testcase name="test" time="4.486" classname="arjex.youtube.basics.Y06BasicTestNGExample"/>
</testsuite> <!-- arjex.youtube.basics.Y06BasicTestNGExample -->
