<?xml version="1.0" encoding="UTF-8"?>
<!-- Generated by org.testng.reporters.JUnitReportReporter -->
<testsuite skipped="0" hostname="Rahuls-MacBook-Pro.local" name="arjex.youtube.scheduled.YXDropdown" tests="3" failures="0" timestamp="22 Sep 2019 13:20:30 GMT" time="18.975" errors="0">
  <testcase name="test1WordPressDropDownSendText" time="5.733" classname="arjex.youtube.scheduled.YXDropdown"/>
  <testcase name="test1WordPressDropDownDefaultWay" time="6.936" classname="arjex.youtube.scheduled.YXDropdown"/>
  <testcase name="test5CustomOptionIdentifierDefaultWay" time="6.306" classname="arjex.youtube.scheduled.YXDropdown"/>
</testsuite> <!-- arjex.youtube.scheduled.YXDropdown -->
