<?xml version="1.0" encoding="UTF-8"?>
<!-- Generated by org.testng.reporters.JUnitReportReporter -->
<testsuite skipped="0" hostname="Rahuls-MacBook-Pro.local" name="arjex.youtube.scheduled.Y11ElementIdentificationUsingXPath" tests="1" failures="0" timestamp="18 Sep 2019 06:17:20 GMT" time="2.799" errors="0">
  <testcase name="test" time="2.799" classname="arjex.youtube.scheduled.Y11ElementIdentificationUsingXPath"/>
</testsuite> <!-- arjex.youtube.scheduled.Y11ElementIdentificationUsingXPath -->
