<?xml version="1.0" encoding="UTF-8"?>
<!-- Generated by org.testng.reporters.JUnitReportReporter -->
<testsuite skipped="0" hostname="Rahuls-MacBook-Pro.local" name="arjex.youtube.scheduled.Y16BasicElementInteractions" tests="1" failures="0" timestamp="18 Sep 2019 07:01:29 GMT" time="3.783" errors="0">
  <testcase name="test" time="3.783" classname="arjex.youtube.scheduled.Y16BasicElementInteractions"/>
</testsuite> <!-- arjex.youtube.scheduled.Y16BasicElementInteractions -->
