<?xml version="1.0" encoding="UTF-8"?>
<!-- Generated by org.testng.reporters.JUnitReportReporter -->
<testsuite skipped="0" hostname="Rahuls-MacBook-Pro.local" name="arjex.youtube.basics.Y20Alerts" tests="1" failures="0" timestamp="16 Aug 2019 14:41:52 GMT" time="3.593" errors="0">
  <testcase name="test" time="3.593" classname="arjex.youtube.basics.Y20Alerts"/>
</testsuite> <!-- arjex.youtube.basics.Y20Alerts -->
