<?xml version="1.0" encoding="UTF-8"?>
<!-- Generated by org.testng.reporters.JUnitReportReporter -->
<testsuite skipped="0" hostname="Rahuls-MacBook-Pro.local" name="arjex.youtube.scheduled.Y14ElementIdentificationWithORRelationship" tests="1" failures="0" timestamp="18 Sep 2019 06:53:27 GMT" time="2.675" errors="0">
  <testcase name="test" time="2.675" classname="arjex.youtube.scheduled.Y14ElementIdentificationWithORRelationship"/>
</testsuite> <!-- arjex.youtube.scheduled.Y14ElementIdentificationWithORRelationship -->
