<?xml version="1.0" encoding="UTF-8"?>
<!-- Generated by org.testng.reporters.JUnitReportReporter -->
<testsuite skipped="0" hostname="Rahuls-MacBook-Pro.local" name="arjex.s04ddauto.ep04filtering.Filter_TabDelimFileDDT_MapData" tests="1" failures="0" timestamp="20 Jun 2019 09:39:55 GMT" time="0.006" errors="0">
  <testcase name="repeat" time="0.006" classname="arjex.s04ddauto.ep04filtering.Filter_TabDelimFileDDT_MapData"/>
</testsuite> <!-- arjex.s04ddauto.ep04filtering.Filter_TabDelimFileDDT_MapData -->
