<?xml version="1.0" encoding="UTF-8"?>
<!-- Generated by org.testng.reporters.JUnitReportReporter -->
<testsuite skipped="0" hostname="Rahuls-MacBook-Pro.local" name="arjex.youtube.scheduled.Y20Alerts" tests="1" failures="0" timestamp="20 Sep 2019 05:26:08 GMT" time="7.431" errors="0">
  <testcase name="test" time="7.431" classname="arjex.youtube.scheduled.Y20Alerts"/>
</testsuite> <!-- arjex.youtube.scheduled.Y20Alerts -->
