<?xml version="1.0" encoding="UTF-8"?>
<!-- Generated by org.testng.reporters.JUnitReportReporter -->
<testsuite skipped="0" hostname="Rahuls-MacBook-Pro.local" name="arjex.youtube.basics.Y14ElementIdentificationWithORRelationship" tests="1" failures="0" timestamp="16 Aug 2019 13:04:23 GMT" time="2.925" errors="0">
  <testcase name="test" time="2.925" classname="arjex.youtube.basics.Y14ElementIdentificationWithORRelationship"/>
</testsuite> <!-- arjex.youtube.basics.Y14ElementIdentificationWithORRelationship -->
