<?xml version="1.0" encoding="UTF-8"?>
<!-- Generated by org.testng.reporters.JUnitReportReporter -->
<testsuite skipped="0" hostname="Rahuls-MacBook-Pro.local" name="arjex.youtube.scheduled.YXClickWithDefaultStateCheck" tests="1" failures="0" timestamp="20 Sep 2019 05:28:25 GMT" time="9.147" errors="0">
  <testcase name="test" time="9.147" classname="arjex.youtube.scheduled.YXClickWithDefaultStateCheck"/>
</testsuite> <!-- arjex.youtube.scheduled.YXClickWithDefaultStateCheck -->
