<?xml version="1.0" encoding="UTF-8"?>
<!-- Generated by org.testng.reporters.JUnitReportReporter -->
<testsuite skipped="0" hostname="Rahuls-MacBook-Pro.local" name="arjex.youtube.basics.Y07ArjunaOptionValues" tests="1" failures="0" timestamp="17 Sep 2019 19:15:20 GMT" time="0.029" errors="0">
  <testcase name="test" time="0.029" classname="arjex.youtube.basics.Y07ArjunaOptionValues"/>
</testsuite> <!-- arjex.youtube.basics.Y07ArjunaOptionValues -->
