<?xml version="1.0" encoding="UTF-8"?>
<!-- Generated by org.testng.reporters.JUnitReportReporter -->
<testsuite skipped="0" hostname="Rahuls-MacBook-Pro.local" name="arjex.s05basicfixtures.ep03testlevel.TestFixturesSeqExec" tests="1" failures="0" timestamp="31 May 2019 10:11:47 GMT" time="2.249" errors="1">
  <testcase name="initContext" time="2.249" classname="arjex.s05basicfixtures.ep03testlevel.TestFixturesSeqExec">
    <error type="arjuna.lib.httpclient.SetuHttpException" message="Setu returned an error response.">
      <![CDATA[arjuna.lib.httpclient.SetuHttpException: Setu returned an error response.
at arjuna.lib.httpclient.BasicRestClient.handleResponse(BasicRestClient.java:38)
at arjuna.lib.httpclient.BasicRestClient.post(BasicRestClient.java:64)
at arjuna.lib.setu.core.requester.connector.DefaultSetuRequester.post(BaseSetuObject.java:127)
at arjuna.lib.setu.core.requester.connector.BaseSetuObject.sendRequest(BaseSetuObject.java:97)
at arjuna.lib.setu.guiauto.requester.automator.DefaultGuiAutomator.launch(DefaultGuiAutomator.java:53)
at arjuna.lib.setu.guiauto.requester.automator.DefaultGuiAutomator.<init>(DefaultGuiAutomator.java:35)
at arjuna.lib.state.ArjunaSingleton.createGuiAutomator(ArjunaSingleton.java:129)
at arjuna.tpi.Arjuna.createGuiAutomator(Arjuna.java:65)
at arjex.s05basicfixtures.ep03testlevel.TestFixturesSeqExec.setUpTest(TestFixturesSeqExec.java:31)
at arjuna.tpi.testng.TestNGBaseTest.initContext(TestNGBaseTest.java:82)
at sun.reflect.NativeMethodAccessorImpl.invoke0(Native Method)
at sun.reflect.NativeMethodAccessorImpl.invoke(NativeMethodAccessorImpl.java:62)
at sun.reflect.DelegatingMethodAccessorImpl.invoke(DelegatingMethodAccessorImpl.java:43)
at java.lang.reflect.Method.invoke(Method.java:498)
at org.testng.internal.MethodInvocationHelper.invokeMethod(MethodInvocationHelper.java:124)
at org.testng.internal.MethodInvocationHelper.invokeMethodConsideringTimeout(MethodInvocationHelper.java:59)
at org.testng.internal.Invoker.invokeConfigurationMethod(Invoker.java:458)
at org.testng.internal.Invoker.invokeConfigurations(Invoker.java:222)
at org.testng.internal.Invoker.invokeConfigurations(Invoker.java:142)
at org.testng.TestRunner.beforeRun(TestRunner.java:529)
at org.testng.TestRunner.run(TestRunner.java:497)
at org.testng.SuiteRunner.runTest(SuiteRunner.java:455)
at org.testng.SuiteRunner.runSequentially(SuiteRunner.java:450)
at org.testng.SuiteRunner.privateRun(SuiteRunner.java:415)
at org.testng.SuiteRunner.run(SuiteRunner.java:364)
at org.testng.SuiteRunnerWorker.runSuite(SuiteRunnerWorker.java:52)
at org.testng.SuiteRunnerWorker.run(SuiteRunnerWorker.java:84)
at org.testng.TestNG.runSuitesSequentially(TestNG.java:1208)
at org.testng.TestNG.runSuitesLocally(TestNG.java:1137)
at org.testng.TestNG.runSuites(TestNG.java:1049)
at org.testng.TestNG.run(TestNG.java:1017)
at org.testng.remote.AbstractRemoteTestNG.run(AbstractRemoteTestNG.java:114)
at org.testng.remote.RemoteTestNG.initAndRun(RemoteTestNG.java:251)
at org.testng.remote.RemoteTestNG.main(RemoteTestNG.java:77)
]]>
    </error>
  </testcase> <!-- initContext -->
</testsuite> <!-- arjex.s05basicfixtures.ep03testlevel.TestFixturesSeqExec -->
