<?xml version="1.0" encoding="UTF-8"?>
<!-- Generated by org.testng.reporters.JUnitReportReporter -->
<testsuite skipped="0" hostname="Rahuls-MacBook-Pro.local" name="arjex.youtube.scheduled.Y17InteractionsRevisited" tests="1" failures="0" timestamp="18 Sep 2019 07:00:04 GMT" time="4.729" errors="0">
  <testcase name="test" time="4.729" classname="arjex.youtube.scheduled.Y17InteractionsRevisited"/>
</testsuite> <!-- arjex.youtube.scheduled.Y17InteractionsRevisited -->
