<?xml version="1.0" encoding="UTF-8"?>
<!-- Generated by org.testng.reporters.JUnitReportReporter -->
<testsuite skipped="0" hostname="Rahuls-MacBook-Pro.local" name="arjex.s05basicfixtures.ep02classlevel.ClassFixturesSeqExec" tests="2" failures="0" timestamp="20 Jun 2019 09:41:26 GMT" time="8.006" errors="0">
  <testcase name="test1" time="1.613" classname="arjex.s05basicfixtures.ep02classlevel.ClassFixturesSeqExec"/>
  <testcase name="test2" time="6.393" classname="arjex.s05basicfixtures.ep02classlevel.ClassFixturesSeqExec"/>
</testsuite> <!-- arjex.s05basicfixtures.ep02classlevel.ClassFixturesSeqExec -->
