<?xml version="1.0" encoding="UTF-8"?>
<!-- Generated by org.testng.reporters.JUnitReportReporter -->
<testsuite skipped="0" hostname="Rahuls-MacBook-Pro.local" name="arjex.s02guiauto.ep01selenium.Ex01Basic" tests="1" failures="0" timestamp="02 Aug 2019 12:33:14 GMT" time="7.392" errors="0">
  <testcase name="test" time="7.392" classname="arjex.s02guiauto.ep01selenium.Ex01Basic"/>
</testsuite> <!-- arjex.s02guiauto.ep01selenium.Ex01Basic -->
