<?xml version="1.0" encoding="UTF-8"?>
<!-- Generated by org.testng.reporters.JUnitReportReporter -->
<testsuite skipped="0" hostname="Rahuls-MacBook-Pro.local" name="arjex.s05basicfixtures.ep04suitelevel.TestClass2" tests="1" failures="0" timestamp="20 Jun 2019 09:43:40 GMT" time="5.828" errors="0">
  <testcase name="test2" time="5.828" classname="arjex.s05basicfixtures.ep04suitelevel.TestClass2"/>
</testsuite> <!-- arjex.s05basicfixtures.ep04suitelevel.TestClass2 -->
