<?xml version="1.0" encoding="UTF-8"?>
<!-- Generated by org.testng.reporters.JUnitReportReporter -->
<testsuite skipped="0" hostname="Rahuls-MacBook-Pro.local" name="arjex.youtube.scheduled.Y21WindowHandling" tests="1" failures="0" timestamp="22 Sep 2019 17:10:26 GMT" time="7.237" errors="0">
  <testcase name="test4" time="7.237" classname="arjex.youtube.scheduled.Y21WindowHandling"/>
</testsuite> <!-- arjex.youtube.scheduled.Y21WindowHandling -->
