<?xml version="1.0" encoding="UTF-8"?>
<!-- Generated by org.testng.reporters.JUnitReportReporter -->
<testsuite skipped="0" hostname="Rahuls-MacBook-Pro.local" name="arjex.youtube.scheduled.YXRadioGroup" tests="1" failures="0" timestamp="22 Sep 2019 13:22:15 GMT" time="5.938" errors="0">
  <testcase name="test" time="5.938" classname="arjex.youtube.scheduled.YXRadioGroup"/>
</testsuite> <!-- arjex.youtube.scheduled.YXRadioGroup -->
