<?xml version="1.0" encoding="UTF-8"?>
<!-- Generated by org.testng.reporters.JUnitReportReporter -->
<testsuite skipped="0" hostname="Rahuls-MacBook-Pro.local" name="arjex.youtube.basics.Y17InteractionsRevisited" tests="1" failures="0" timestamp="16 Aug 2019 13:59:53 GMT" time="3.483" errors="0">
  <testcase name="test" time="3.483" classname="arjex.youtube.basics.Y17InteractionsRevisited"/>
</testsuite> <!-- arjex.youtube.basics.Y17InteractionsRevisited -->
