<?xml version="1.0" encoding="UTF-8"?>
<!-- Generated by org.testng.reporters.JUnitReportReporter -->
<testsuite skipped="0" hostname="Rahuls-MacBook-Pro.local" name="arjex.youtube.basics.Y13ArjunaHigherLevelIdentifiers" tests="1" failures="0" timestamp="16 Aug 2019 12:56:30 GMT" time="4.139" errors="0">
  <testcase name="test" time="4.139" classname="arjex.youtube.basics.Y13ArjunaHigherLevelIdentifiers"/>
</testsuite> <!-- arjex.youtube.basics.Y13ArjunaHigherLevelIdentifiers -->
