<?xml version="1.0" encoding="UTF-8"?>
<!-- Generated by org.testng.reporters.JUnitReportReporter -->
<testsuite skipped="0" hostname="Rahuls-MacBook-Pro.local" name="arjex.s02guiauto.ep01selenium.Ex02BasicFormHandling" tests="1" failures="0" timestamp="20 Jun 2019 09:36:56 GMT" time="74.192" errors="0">
  <testcase name="test" time="74.192" classname="arjex.s02guiauto.ep01selenium.Ex02BasicFormHandling"/>
</testsuite> <!-- arjex.s02guiauto.ep01selenium.Ex02BasicFormHandling -->
