<?xml version="1.0" encoding="UTF-8"?>
<!-- Generated by org.testng.reporters.JUnitReportReporter -->
<testsuite skipped="0" hostname="Rahuls-MacBook-Pro.local" name="arjex.s02guiauto.ep02simpleapp.TestWithSimpleApp" tests="1" failures="0" timestamp="08 Sep 2019 08:42:34 GMT" time="5.641" errors="0">
  <testcase name="test" time="5.641" classname="arjex.s02guiauto.ep02simpleapp.TestWithSimpleApp"/>
</testsuite> <!-- arjex.s02guiauto.ep02simpleapp.TestWithSimpleApp -->
