<?xml version="1.0" encoding="UTF-8"?>
<!-- Generated by org.testng.reporters.JUnitReportReporter -->
<testsuite skipped="0" hostname="Rahuls-MacBook-Pro.local" name="arjex.youtube.scheduled.YXWithJSSingleElementSituations" tests="1" failures="0" timestamp="18 Oct 2019 10:55:20 GMT" time="2.715" errors="0">
  <testcase name="testSM" time="2.715" classname="arjex.youtube.scheduled.YXWithJSSingleElementSituations"/>
</testsuite> <!-- arjex.youtube.scheduled.YXWithJSSingleElementSituations -->
