<?xml version="1.0" encoding="UTF-8"?>
<!-- Generated by org.testng.reporters.JUnitReportReporter -->
<testsuite skipped="0" hostname="Rahuls-MacBook-Pro.local" name="arjex.youtube.scheduled.Y15HardcodedSleep" tests="1" failures="0" timestamp="24 Sep 2019 06:01:32 GMT" time="8.026" errors="0">
  <testcase name="test" time="8.026" classname="arjex.youtube.scheduled.Y15HardcodedSleep"/>
</testsuite> <!-- arjex.youtube.scheduled.Y15HardcodedSleep -->
