<?xml version="1.0" encoding="UTF-8"?>
<!-- Generated by org.testng.reporters.JUnitReportReporter -->
<testsuite skipped="0" hostname="Rahuls-MacBook-Pro.local" name="arjex.s02guiauto.ep03simplepom.TestWithPom" tests="1" failures="0" timestamp="20 Jun 2019 09:37:38 GMT" time="6.939" errors="0">
  <testcase name="test" time="6.939" classname="arjex.s02guiauto.ep03simplepom.TestWithPom"/>
</testsuite> <!-- arjex.s02guiauto.ep03simplepom.TestWithPom -->
