<?xml version="1.0" encoding="UTF-8"?>
<!-- Generated by org.testng.reporters.JUnitReportReporter -->
<testsuite skipped="0" hostname="Rahuls-MacBook-Pro.local" name="arjex.youtube.basics.Y08ProgrammaticUserOptions" tests="1" failures="0" timestamp="17 Sep 2019 19:15:30 GMT" time="0.028" errors="0">
  <testcase name="test" time="0.028" classname="arjex.youtube.basics.Y08ProgrammaticUserOptions"/>
</testsuite> <!-- arjex.youtube.basics.Y08ProgrammaticUserOptions -->
