<?xml version="1.0" encoding="UTF-8"?>
<!-- Generated by org.testng.reporters.JUnitReportReporter -->
<testsuite skipped="0" hostname="Rahuls-MacBook-Pro.local" name="arjex.youtube.basics.Y10BasicIdenfiers" tests="1" failures="0" timestamp="16 Aug 2019 12:11:25 GMT" time="3.852" errors="0">
  <testcase name="test" time="3.852" classname="arjex.youtube.basics.Y10BasicIdenfiers"/>
</testsuite> <!-- arjex.youtube.basics.Y10BasicIdenfiers -->
