<?xml version="1.0" encoding="UTF-8"?>
<!-- Generated by org.testng.reporters.JUnitReportReporter -->
<testsuite skipped="0" hostname="Rahuls-MacBook-Pro.local" name="arjex.youtube.scheduled.Y12ElementIdentificationUsingCssSelectors" tests="1" failures="0" timestamp="18 Sep 2019 06:50:48 GMT" time="2.878" errors="0">
  <testcase name="test" time="2.878" classname="arjex.youtube.scheduled.Y12ElementIdentificationUsingCssSelectors"/>
</testsuite> <!-- arjex.youtube.scheduled.Y12ElementIdentificationUsingCssSelectors -->
