<?xml version="1.0" encoding="UTF-8"?>
<!-- Generated by org.testng.reporters.JUnitReportReporter -->
<testsuite skipped="0" hostname="Rahuls-MacBook-Pro.local" name="arjex.youtube.basics.Y21WindowHandling" tests="1" failures="0" timestamp="16 Aug 2019 14:42:53 GMT" time="4.150" errors="0">
  <testcase name="test" time="4.150" classname="arjex.youtube.basics.Y21WindowHandling"/>
</testsuite> <!-- arjex.youtube.basics.Y21WindowHandling -->
