<?xml version="1.0" encoding="UTF-8"?>
<!-- Generated by org.testng.reporters.JUnitReportReporter -->
<testsuite skipped="0" hostname="Rahuls-MacBook-Pro.local" name="arjex.youtube.basics.Y16BasicElementInteractions" tests="1" failures="0" timestamp="16 Aug 2019 13:55:52 GMT" time="3.771" errors="0">
  <testcase name="test" time="3.771" classname="arjex.youtube.basics.Y16BasicElementInteractions"/>
</testsuite> <!-- arjex.youtube.basics.Y16BasicElementInteractions -->
