<?xml version="1.0" encoding="UTF-8"?>
<!-- Generated by org.testng.reporters.JUnitReportReporter -->
<testsuite skipped="0" hostname="Rahuls-MacBook-Pro.local" name="arjex.s05basicfixtures.ep01methodlevel.MethodFixturesSeqExec" tests="2" failures="0" timestamp="20 Jun 2019 09:41:02 GMT" time="13.595" errors="0">
  <testcase name="test2" time="9.855" classname="arjex.s05basicfixtures.ep01methodlevel.MethodFixturesSeqExec"/>
  <testcase name="test1" time="3.740" classname="arjex.s05basicfixtures.ep01methodlevel.MethodFixturesSeqExec"/>
</testsuite> <!-- arjex.s05basicfixtures.ep01methodlevel.MethodFixturesSeqExec -->
