<?xml version="1.0" encoding="UTF-8"?>
<!-- Generated by org.testng.reporters.JUnitReportReporter -->
<testsuite skipped="0" hostname="Rahuls-MacBook-Pro.local" name="arjex.youtube.basics.Y12ElementIdentificationUsingCSSSelectors" tests="1" failures="0" timestamp="16 Aug 2019 12:37:34 GMT" time="2.827" errors="0">
  <testcase name="test" time="2.827" classname="arjex.youtube.basics.Y12ElementIdentificationUsingCSSSelectors"/>
</testsuite> <!-- arjex.youtube.basics.Y12ElementIdentificationUsingCSSSelectors -->
