<?xml version="1.0" encoding="UTF-8"?>
<!-- Generated by org.testng.reporters.JUnitReportReporter -->
<testsuite skipped="0" hostname="Rahuls-MacBook-Pro.local" name="arjex.youtube.basics.Y07BasicIdenfication" tests="1" failures="0" timestamp="15 Aug 2019 13:51:37 GMT" time="3.523" errors="0">
  <testcase name="test" time="3.523" classname="arjex.youtube.basics.Y07BasicIdenfication"/>
</testsuite> <!-- arjex.youtube.basics.Y07BasicIdenfication -->
