<?xml version="1.0" encoding="UTF-8"?>
<!-- Generated by org.testng.reporters.JUnitReportReporter -->
<testsuite skipped="0" hostname="Rahuls-MacBook-Pro.local" name="arjex.youtube.basics.Y15HardcodedSleep" tests="1" failures="0" timestamp="16 Aug 2019 13:19:31 GMT" time="8.019" errors="0">
  <testcase name="test" time="8.019" classname="arjex.youtube.basics.Y15HardcodedSleep"/>
</testsuite> <!-- arjex.youtube.basics.Y15HardcodedSleep -->
