<?xml version="1.0" encoding="UTF-8"?>
<!-- Generated by org.testng.reporters.JUnitReportReporter -->
<testsuite skipped="0" hostname="Rahuls-MacBook-Pro.local" name="arjex.youtube.scheduled.Y13ArjunaHigherLevelIdentifiers" tests="1" failures="0" timestamp="18 Sep 2019 06:52:12 GMT" time="2.836" errors="0">
  <testcase name="test" time="2.836" classname="arjex.youtube.scheduled.Y13ArjunaHigherLevelIdentifiers"/>
</testsuite> <!-- arjex.youtube.scheduled.Y13ArjunaHigherLevelIdentifiers -->
