<?xml version="1.0" encoding="UTF-8"?>
<!-- Generated by org.testng.reporters.JUnitReportReporter -->
<testsuite skipped="0" hostname="Rahuls-MacBook-Pro.local" name="arjex.youtube.scheduled.YXElementSource" tests="1" failures="0" timestamp="22 Sep 2019 13:16:09 GMT" time="5.968" errors="0">
  <testcase name="testFrameSourceRetrieval" time="5.968" classname="arjex.youtube.scheduled.YXElementSource"/>
</testsuite> <!-- arjex.youtube.scheduled.YXElementSource -->
