<?xml version="1.0" encoding="UTF-8"?>
<!-- Generated by org.testng.reporters.JUnitReportReporter -->
<testsuite skipped="0" hostname="Rahuls-MacBook-Pro.local" name="arjex.s02guiauto.ep04compositepom.TestWithCompositePOM" tests="1" failures="0" timestamp="20 Jun 2019 09:37:58 GMT" time="7.067" errors="0">
  <testcase name="test" time="7.067" classname="arjex.s02guiauto.ep04compositepom.TestWithCompositePOM"/>
</testsuite> <!-- arjex.s02guiauto.ep04compositepom.TestWithCompositePOM -->
