<?xml version="1.0" encoding="UTF-8"?>
<!-- Generated by org.testng.reporters.JUnitReportReporter -->
<testsuite skipped="0" hostname="Rahuls-MacBook-Pro.local" name="arjex.youtube.basics.Y18MultiElement" tests="1" failures="0" timestamp="16 Aug 2019 14:34:23 GMT" time="9.148" errors="0">
  <testcase name="test" time="9.148" classname="arjex.youtube.basics.Y18MultiElement"/>
</testsuite> <!-- arjex.youtube.basics.Y18MultiElement -->
