<?xml version="1.0" encoding="UTF-8"?>
<!-- Generated by org.testng.reporters.JUnitReportReporter -->
<testsuite skipped="0" hostname="Rahuls-MacBook-Pro.local" name="arjex.youtube.basics.Y19ExecuteJavaScript" tests="1" failures="0" timestamp="16 Aug 2019 14:40:51 GMT" time="4.915" errors="0">
  <testcase name="test" time="4.915" classname="arjex.youtube.basics.Y19ExecuteJavaScript"/>
</testsuite> <!-- arjex.youtube.basics.Y19ExecuteJavaScript -->
