<?xml version="1.0" encoding="UTF-8"?>
<!-- Generated by org.testng.reporters.JUnitReportReporter -->
<testsuite skipped="0" hostname="Rahuls-MacBook-Pro.local" name="arjex.youtube.scheduled.Y18MultiElement" tests="1" failures="0" timestamp="18 Sep 2019 07:08:00 GMT" time="4.344" errors="0">
  <testcase name="test" time="4.344" classname="arjex.youtube.scheduled.Y18MultiElement"/>
</testsuite> <!-- arjex.youtube.scheduled.Y18MultiElement -->
