<?xml version="1.0" encoding="UTF-8"?>
<!-- Generated by org.testng.reporters.JUnitReportReporter -->
<testsuite skipped="0" hostname="Rahuls-MacBook-Pro.local" name="arjex.s05basicfixtures.ep03testlevel.TestClass1" tests="1" failures="0" timestamp="20 Jun 2019 09:43:20 GMT" time="0.649" errors="0">
  <testcase name="test1" time="0.649" classname="arjex.s05basicfixtures.ep03testlevel.TestClass1"/>
</testsuite> <!-- arjex.s05basicfixtures.ep03testlevel.TestClass1 -->
