<?xml version="1.0" encoding="UTF-8"?>
<!-- Generated by org.testng.reporters.JUnitReportReporter -->
<testsuite skipped="0" hostname="Rahuls-MacBook-Pro.local" name="arjex.youtube.scheduled.YXFrame" tests="1" failures="0" timestamp="29 Sep 2019 11:38:38 GMT" time="2.385" errors="0">
  <testcase name="test2" time="2.385" classname="arjex.youtube.scheduled.YXFrame"/>
</testsuite> <!-- arjex.youtube.scheduled.YXFrame -->
