<?xml version="1.0" encoding="UTF-8"?>
<!-- Generated by org.testng.reporters.JUnitReportReporter -->
<testsuite skipped="0" hostname="Rahuls-MacBook-Pro.local" name="arjex.s05basicfixtures.ep04suitelevel.TestClass1" tests="1" failures="0" timestamp="20 Jun 2019 09:43:40 GMT" time="1.493" errors="0">
  <testcase name="test1" time="1.493" classname="arjex.s05basicfixtures.ep04suitelevel.TestClass1"/>
</testsuite> <!-- arjex.s05basicfixtures.ep04suitelevel.TestClass1 -->
